<?xml version="1.0" encoding="UTF-8"?>
<testng-results total="1" passed="0" failed="1" skipped="0">
  <reporter-output>
  </reporter-output>
  <suite started-at="2022-10-27T19:04:07Z" name="EAPP" finished-at="2022-10-27T19:04:23Z" duration-ms="16129">
    <groups>
    </groups>
    <test started-at="2022-10-27T19:04:07Z" name="001" finished-at="2022-10-27T19:04:23Z" duration-ms="16129">
      <class name="com.ibm.Eapp.auto.Controller">
        <test-method is-config="true" signature="initializeTestBaseSetup(java.lang.String, java.lang.String, java.lang.String, java.lang.String, java.lang.String)[pri:0, instance:com.ibm.Eapp.auto.Controller@5456afaa]" started-at="2022-10-28T00:34:07Z" name="initializeTestBaseSetup" finished-at="2022-10-28T00:34:15Z" duration-ms="8349" status="PASS">
          <params>
            <param index="0">
              <value>
                <![CDATA[CHROME]]>
              </value>
            </param>
            <param index="1">
              <value>
                <![CDATA[https://empoweratease.adityabirlacapital.com/BSLI/apps/services/www/eapp/desktopbrowser/default/index.html]]>
              </value>
            </param>
            <param index="2">
              <value>
                <![CDATA[001]]>
              </value>
            </param>
            <param index="3">
              <value>
                <![CDATA[../temp/com.ibm.Eapp.Restructed.temp.auto/resources/system/config/WebDrivers/]]>
              </value>
            </param>
            <param index="4">
              <value>
                <![CDATA[NA]]>
              </value>
            </param>
          </params>
          <reporter-output>
          </reporter-output>
        </test-method> <!-- initializeTestBaseSetup -->
        <test-method is-config="true" signature="setUp()[pri:0, instance:com.ibm.Eapp.auto.Controller@5456afaa]" started-at="2022-10-28T00:34:15Z" name="setUp" finished-at="2022-10-28T00:34:15Z" duration-ms="8" status="PASS">
          <reporter-output>
          </reporter-output>
        </test-method> <!-- setUp -->
        <test-method signature="reDirectProcess(java.lang.String, java.lang.String, java.lang.String, java.lang.String, java.lang.String, java.lang.String)[pri:0, instance:com.ibm.Eapp.auto.Controller@5456afaa]" started-at="2022-10-28T00:34:15Z" name="reDirectProcess" finished-at="2022-10-28T00:34:23Z" duration-ms="7203" status="FAIL">
          <params>
            <param index="0">
              <value>
                <![CDATA[com.ibm.Eapp.mod.EappCSEMod]]>
              </value>
            </param>
            <param index="1">
              <value>
                <![CDATA[001]]>
              </value>
            </param>
            <param index="2">
              <value>
                <![CDATA[MajorSame]]>
              </value>
            </param>
            <param index="3">
              <value>
                <![CDATA[80]]>
              </value>
            </param>
            <param index="4">
              <value>
                <![CDATA[../temp/com.ibm.Eapp.Restructed.temp.auto/resources/system/config/Datasheet/Datasheet.xlsx]]>
              </value>
            </param>
            <param index="5">
              <value>
                <![CDATA[../temp/com.ibm.Eapp.Restructed.temp.auto/resources/system/config/Datasheet/Datasheet_Result.xlsx]]>
              </value>
            </param>
          </params>
          <exception class="java.lang.NullPointerException">
            <full-stacktrace>
              <![CDATA[java.lang.NullPointerException
	at com.relevantcodes.extentreports.ExtentTest.isPathRelative(ExtentTest.java:502)
	at com.relevantcodes.extentreports.ExtentTest.addScreenCapture(ExtentTest.java:287)
	at com.ibm.utility.reports.TestReporter.Log_Fail(TestReporter.java:161)
	at com.ibm.automation.ui.AutomationWrapper.Execute(AutomationWrapper.java:377)
	at com.ibm.automation.ui.AutomationWrapper.Execute(AutomationWrapper.java:273)
	at com.ibm.automation.ui.AutomationWrapper.Execute(AutomationWrapper.java:138)
	at com.ibm.Eapp.mod.EappCSEMod.Execute(EappCSEMod.java:121)
	at com.ibm.Eapp.auto.Controller.reDirectProcess(Controller.java:54)
	at java.base/jdk.internal.reflect.NativeMethodAccessorImpl.invoke0(Native Method)
	at java.base/jdk.internal.reflect.NativeMethodAccessorImpl.invoke(NativeMethodAccessorImpl.java:62)
	at java.base/jdk.internal.reflect.DelegatingMethodAccessorImpl.invoke(DelegatingMethodAccessorImpl.java:43)
	at java.base/java.lang.reflect.Method.invoke(Method.java:567)
	at org.testng.internal.MethodInvocationHelper.invokeMethod(MethodInvocationHelper.java:85)
	at org.testng.internal.Invoker.invokeMethod(Invoker.java:639)
	at org.testng.internal.Invoker.invokeTestMethod(Invoker.java:816)
	at org.testng.internal.Invoker.invokeTestMethods(Invoker.java:1124)
	at org.testng.internal.TestMethodWorker.invokeTestMethods(TestMethodWorker.java:125)
	at org.testng.internal.TestMethodWorker.run(TestMethodWorker.java:108)
	at org.testng.TestRunner.privateRun(TestRunner.java:774)
	at org.testng.TestRunner.run(TestRunner.java:624)
	at org.testng.SuiteRunner.runTest(SuiteRunner.java:359)
	at org.testng.SuiteRunner.runSequentially(SuiteRunner.java:354)
	at org.testng.SuiteRunner.privateRun(SuiteRunner.java:312)
	at org.testng.SuiteRunner.run(SuiteRunner.java:261)
	at org.testng.SuiteRunnerWorker.runSuite(SuiteRunnerWorker.java:52)
	at org.testng.SuiteRunnerWorker.run(SuiteRunnerWorker.java:86)
	at org.testng.TestNG.runSuitesSequentially(TestNG.java:1215)
	at org.testng.TestNG.runSuitesLocally(TestNG.java:1140)
	at org.testng.TestNG.run(TestNG.java:1048)
	at com.ibm.automation.ui.Create_TestNGXML.runTestNG(Create_TestNGXML.java:281)
	at com.ibm.automation.ui.Create_TestNGXML.createXMLfile(Create_TestNGXML.java:99)
	at com.ibm.Eapp.xml.TestNGXML_Helper.createXMLfile(TestNGXML_Helper.java:46)
	at com.ibm.Eapp.run.ipaRunner.main(ipaRunner.java:22)
]]>
            </full-stacktrace>
          </exception> <!-- java.lang.NullPointerException -->
          <reporter-output>
          </reporter-output>
        </test-method> <!-- reDirectProcess -->
        <test-method is-config="true" signature="destroy()[pri:0, instance:com.ibm.Eapp.auto.Controller@5456afaa]" started-at="2022-10-28T00:34:23Z" name="destroy" finished-at="2022-10-28T00:34:23Z" duration-ms="537" status="PASS">
          <reporter-output>
          </reporter-output>
        </test-method> <!-- destroy -->
        <test-method is-config="true" signature="tearDown()[pri:0, instance:com.ibm.Eapp.auto.Controller@5456afaa]" started-at="2022-10-28T00:34:23Z" name="tearDown" finished-at="2022-10-28T00:34:23Z" duration-ms="0" status="FAIL">
          <exception class="java.lang.NullPointerException">
            <full-stacktrace>
              <![CDATA[java.lang.NullPointerException
	at com.ibm.automation.ui.Driver_Setup.tearDown(Driver_Setup.java:133)
	at java.base/jdk.internal.reflect.NativeMethodAccessorImpl.invoke0(Native Method)
	at java.base/jdk.internal.reflect.NativeMethodAccessorImpl.invoke(NativeMethodAccessorImpl.java:62)
	at java.base/jdk.internal.reflect.DelegatingMethodAccessorImpl.invoke(DelegatingMethodAccessorImpl.java:43)
	at java.base/java.lang.reflect.Method.invoke(Method.java:567)
	at org.testng.internal.MethodInvocationHelper.invokeMethod(MethodInvocationHelper.java:85)
	at org.testng.internal.Invoker.invokeConfigurationMethod(Invoker.java:510)
	at org.testng.internal.Invoker.invokeConfigurations(Invoker.java:211)
	at org.testng.internal.Invoker.invokeConfigurations(Invoker.java:138)
	at org.testng.internal.TestMethodWorker.invokeAfterClassMethods(TestMethodWorker.java:220)
	at org.testng.internal.TestMethodWorker.run(TestMethodWorker.java:111)
	at org.testng.TestRunner.privateRun(TestRunner.java:774)
	at org.testng.TestRunner.run(TestRunner.java:624)
	at org.testng.SuiteRunner.runTest(SuiteRunner.java:359)
	at org.testng.SuiteRunner.runSequentially(SuiteRunner.java:354)
	at org.testng.SuiteRunner.privateRun(SuiteRunner.java:312)
	at org.testng.SuiteRunner.run(SuiteRunner.java:261)
	at org.testng.SuiteRunnerWorker.runSuite(SuiteRunnerWorker.java:52)
	at org.testng.SuiteRunnerWorker.run(SuiteRunnerWorker.java:86)
	at org.testng.TestNG.runSuitesSequentially(TestNG.java:1215)
	at org.testng.TestNG.runSuitesLocally(TestNG.java:1140)
	at org.testng.TestNG.run(TestNG.java:1048)
	at com.ibm.automation.ui.Create_TestNGXML.runTestNG(Create_TestNGXML.java:281)
	at com.ibm.automation.ui.Create_TestNGXML.createXMLfile(Create_TestNGXML.java:99)
	at com.ibm.Eapp.xml.TestNGXML_Helper.createXMLfile(TestNGXML_Helper.java:46)
	at com.ibm.Eapp.run.ipaRunner.main(ipaRunner.java:22)
]]>
            </full-stacktrace>
          </exception> <!-- java.lang.NullPointerException -->
          <reporter-output>
          </reporter-output>
        </test-method> <!-- tearDown -->
      </class> <!-- com.ibm.Eapp.auto.Controller -->
    </test> <!-- 001 -->
  </suite> <!-- EAPP -->
</testng-results>
