<?xml version="1.0" encoding="UTF-8"?>
<!-- Generated by org.testng.reporters.JUnitXMLReporter -->
<testsuite hostname="LAPTOP-GQPKBG72" failures="1" tests="1" name="001" time="16.129" errors="0" timestamp="27 Oct 2022 19:04:23 GMT">
  <testcase classname="com.ibm.Eapp.auto.Controller" name="@AfterClass tearDown" time="0.0">
    <failure type="java.lang.NullPointerException">
      <![CDATA[java.lang.NullPointerException
	at com.ibm.automation.ui.Driver_Setup.tearDown(Driver_Setup.java:133)
	at com.ibm.automation.ui.Create_TestNGXML.runTestNG(Create_TestNGXML.java:281)
	at com.ibm.automation.ui.Create_TestNGXML.createXMLfile(Create_TestNGXML.java:99)
	at com.ibm.Eapp.xml.TestNGXML_Helper.createXMLfile(TestNGXML_Helper.java:46)
	at com.ibm.Eapp.run.ipaRunner.main(ipaRunner.java:22)
... Removed 21 stack frames]]>
    </failure>
  </testcase> <!-- @AfterClass tearDown -->
  <testcase classname="com.ibm.Eapp.auto.Controller" name="reDirectProcess" time="7.203">
    <failure type="java.lang.NullPointerException">
      <![CDATA[java.lang.NullPointerException
	at com.relevantcodes.extentreports.ExtentTest.isPathRelative(ExtentTest.java:502)
	at com.relevantcodes.extentreports.ExtentTest.addScreenCapture(ExtentTest.java:287)
	at com.ibm.utility.reports.TestReporter.Log_Fail(TestReporter.java:161)
	at com.ibm.automation.ui.AutomationWrapper.Execute(AutomationWrapper.java:377)
	at com.ibm.automation.ui.AutomationWrapper.Execute(AutomationWrapper.java:273)
	at com.ibm.automation.ui.AutomationWrapper.Execute(AutomationWrapper.java:138)
	at com.ibm.Eapp.mod.EappCSEMod.Execute(EappCSEMod.java:121)
	at com.ibm.Eapp.auto.Controller.reDirectProcess(Controller.java:54)
	at com.ibm.automation.ui.Create_TestNGXML.runTestNG(Create_TestNGXML.java:281)
	at com.ibm.automation.ui.Create_TestNGXML.createXMLfile(Create_TestNGXML.java:99)
	at com.ibm.Eapp.xml.TestNGXML_Helper.createXMLfile(TestNGXML_Helper.java:46)
	at com.ibm.Eapp.run.ipaRunner.main(ipaRunner.java:22)
... Removed 21 stack frames]]>
    </failure>
  </testcase> <!-- reDirectProcess -->
</testsuite> <!-- 001 -->
