<?xml version="1.0" encoding="UTF-8"?>
<!-- Generated by org.testng.reporters.JUnitXMLReporter -->
<testsuite hostname="LAPTOP-GQPKBG72" failures="1" tests="1" name="002" time="48.195" errors="0" timestamp="29 Oct 2022 19:16:08 GMT">
  <testcase classname="com.ibm.Eapp.auto.Controller" name="reDirectProcess" time="37.582">
    <failure type="java.lang.NullPointerException">
      <![CDATA[java.lang.NullPointerException
	at com.ibm.Eapp.mod.EappCSEMod.Execute(EappCSEMod.java:93)
	at com.ibm.Eapp.auto.Controller.reDirectProcess(Controller.java:54)
	at java.base/java.util.concurrent.FutureTask.run(FutureTask.java:264)
	at java.base/java.util.concurrent.ThreadPoolExecutor.runWorker(ThreadPoolExecutor.java:1128)
	at java.base/java.util.concurrent.ThreadPoolExecutor$Worker.run(ThreadPoolExecutor.java:628)
	at java.base/java.lang.Thread.run(Thread.java:830)
... Removed 16 stack frames]]>
    </failure>
  </testcase> <!-- reDirectProcess -->
</testsuite> <!-- 002 -->
