<?xml version="1.0" encoding="UTF-8"?>
<!-- Generated by org.testng.reporters.JUnitXMLReporter -->
<testsuite hostname="BSLITHNITD063" name="1" tests="1" failures="1" timestamp="1 Nov 2018 11:08:26 GMT" time="14.21" errors="0">
  <testcase name="reDirectProcess" time="0.242" classname="com.ibm.Eapp.auto.Controller">
    <failure type="java.lang.ClassNotFoundException" message="com.ibm.d2c.mod.CancerSheildMod">
      <![CDATA[java.lang.ClassNotFoundException: com.ibm.d2c.mod.CancerSheildMod
	at java.net.URLClassLoader.findClass(Unknown Source)
	at java.lang.ClassLoader.loadClass(Unknown Source)
	at sun.misc.Launcher$AppClassLoader.loadClass(Unknown Source)
	at java.lang.ClassLoader.loadClass(Unknown Source)
	at java.lang.Class.forName0(Native Method)
	at java.lang.Class.forName(Unknown Source)
	at com.ibm.Eapp.auto.Controller.reDirectProcess(Controller.java:41)
	at com.ibm.automation.ui.Create_TestNGXML.runTestNG(Create_TestNGXML.java:275)
	at com.ibm.automation.ui.Create_TestNGXML.createXMLfile(Create_TestNGXML.java:96)
	at com.ibm.Eapp.xml.TestNGXML_Helper.createXMLfile(TestNGXML_Helper.java:45)
	at com.ibm.Eapp.run.ipaRunner.main(ipaRunner.java:18)
... Removed 21 stack frames]]>
    </failure>
  </testcase> <!-- reDirectProcess -->
</testsuite> <!-- 1 -->
